2025-01-15T21:10:32.804Z [INFO]: Server is running on http://localhost:4000
2025-01-15T21:10:37.433Z [INFO]: A user connected
2025-01-15T21:10:37.461Z [INFO]: A user connected
2025-01-15T21:10:37.472Z [INFO]: A user connected
2025-01-15T21:10:37.481Z [INFO]: A user connected
2025-01-15T21:10:37.491Z [INFO]: A user connected
2025-01-15T21:10:37.493Z [INFO]: A user connected
2025-01-15T21:10:37.496Z [INFO]: A user connected
2025-01-15T21:10:37.498Z [INFO]: A user connected
2025-01-15T21:10:37.502Z [INFO]: A user connected
2025-01-15T21:10:37.505Z [INFO]: A user connected
2025-01-15T21:10:37.507Z [INFO]: A user connected
2025-01-15T21:10:37.509Z [INFO]: A user connected
2025-01-15T21:10:37.512Z [INFO]: A user connected
2025-01-15T21:10:37.514Z [INFO]: A user connected
2025-01-15T21:10:37.516Z [INFO]: A user connected
2025-01-15T21:10:37.519Z [INFO]: A user connected
2025-01-15T21:10:37.522Z [INFO]: A user connected
2025-01-15T21:10:37.525Z [INFO]: A user connected
2025-01-15T21:10:37.527Z [INFO]: A user connected
2025-01-15T21:10:37.530Z [INFO]: A user connected
2025-01-15T21:10:37.533Z [INFO]: A user connected
2025-01-15T21:10:37.536Z [INFO]: A user connected
2025-01-15T21:10:37.538Z [INFO]: A user connected
2025-01-15T21:10:37.541Z [INFO]: A user connected
2025-01-15T21:10:37.543Z [INFO]: A user connected
2025-01-15T21:10:37.545Z [INFO]: A user connected
2025-01-15T21:10:37.547Z [INFO]: A user connected
2025-01-15T21:10:37.550Z [INFO]: A user connected
2025-01-15T21:10:37.553Z [INFO]: A user connected
2025-01-15T21:10:37.556Z [INFO]: A user connected
2025-01-15T21:10:37.558Z [INFO]: A user connected
2025-01-15T21:10:37.560Z [INFO]: A user connected
2025-01-15T21:10:37.563Z [INFO]: A user connected
2025-01-15T21:10:37.566Z [INFO]: A user connected
2025-01-15T21:10:37.568Z [INFO]: A user connected
2025-01-15T21:10:37.572Z [INFO]: A user connected
2025-01-15T21:10:37.574Z [INFO]: A user connected
2025-01-15T21:10:37.577Z [INFO]: A user connected
2025-01-15T21:10:37.580Z [INFO]: A user connected
2025-01-15T21:10:37.583Z [INFO]: A user connected
2025-01-15T21:10:37.585Z [INFO]: A user connected
2025-01-15T21:10:37.588Z [INFO]: A user connected
2025-01-15T21:10:37.592Z [INFO]: A user connected
2025-01-15T21:10:37.596Z [INFO]: A user connected
2025-01-15T21:10:37.598Z [INFO]: A user connected
2025-01-15T21:10:37.600Z [INFO]: A user connected
2025-01-15T21:10:37.603Z [INFO]: A user connected
2025-01-15T21:10:37.612Z [INFO]: A user connected
2025-01-15T21:10:37.615Z [INFO]: A user connected
2025-01-15T21:10:37.618Z [INFO]: A user connected
2025-01-15T21:10:37.621Z [INFO]: A user connected
2025-01-15T21:10:37.624Z [INFO]: A user connected
2025-01-15T21:10:37.627Z [INFO]: A user connected
2025-01-15T21:10:37.631Z [INFO]: A user connected
2025-01-15T21:10:37.636Z [INFO]: A user connected
2025-01-15T21:10:37.639Z [INFO]: A user connected
2025-01-15T21:10:37.642Z [INFO]: A user connected
2025-01-15T21:10:37.645Z [INFO]: A user connected
2025-01-15T21:10:37.648Z [INFO]: A user connected
2025-01-15T21:10:37.651Z [INFO]: A user connected
2025-01-15T21:10:37.654Z [INFO]: A user connected
2025-01-15T21:10:37.657Z [INFO]: A user connected
2025-01-15T21:10:37.659Z [INFO]: A user connected
2025-01-15T21:10:37.662Z [INFO]: A user connected
2025-01-15T21:10:37.665Z [INFO]: A user connected
2025-01-15T21:10:37.668Z [INFO]: A user connected
2025-01-15T21:10:37.670Z [INFO]: A user connected
2025-01-15T21:10:37.674Z [INFO]: A user connected
2025-01-15T21:10:37.676Z [INFO]: A user connected
2025-01-15T21:10:37.679Z [INFO]: A user connected
2025-01-15T21:10:37.682Z [INFO]: A user connected
2025-01-15T21:10:37.684Z [INFO]: A user connected
2025-01-15T21:10:37.687Z [INFO]: A user connected
2025-01-15T21:10:37.689Z [INFO]: A user connected
2025-01-15T21:10:37.692Z [INFO]: A user connected
2025-01-15T21:10:37.694Z [INFO]: A user connected
2025-01-15T21:10:37.696Z [INFO]: A user connected
2025-01-15T21:10:37.700Z [INFO]: A user connected
2025-01-15T21:10:37.702Z [INFO]: A user connected
2025-01-15T21:10:37.705Z [INFO]: A user connected
2025-01-15T21:10:37.708Z [INFO]: A user connected
2025-01-15T21:10:37.711Z [INFO]: A user connected
2025-01-15T21:10:37.714Z [INFO]: A user connected
2025-01-15T21:10:37.716Z [INFO]: A user connected
2025-01-15T21:10:37.718Z [INFO]: A user connected
2025-01-15T21:10:37.721Z [INFO]: A user connected
2025-01-15T21:10:37.724Z [INFO]: A user connected
2025-01-15T21:10:37.726Z [INFO]: A user connected
2025-01-15T21:10:37.729Z [INFO]: A user connected
2025-01-15T21:10:37.732Z [INFO]: A user connected
2025-01-15T21:10:37.734Z [INFO]: A user connected
2025-01-15T21:10:37.736Z [INFO]: A user connected
2025-01-15T21:10:37.740Z [INFO]: A user connected
2025-01-15T21:10:37.744Z [INFO]: A user connected
2025-01-15T21:10:43.313Z [INFO]: A user disconnected
2025-01-15T21:10:43.320Z [INFO]: A user disconnected
2025-01-15T21:10:43.321Z [INFO]: A user disconnected
2025-01-15T21:10:43.321Z [INFO]: A user disconnected
2025-01-15T21:10:43.321Z [INFO]: A user disconnected
2025-01-15T21:10:43.322Z [INFO]: A user disconnected
2025-01-15T21:10:43.322Z [INFO]: A user disconnected
2025-01-15T21:10:43.322Z [INFO]: A user disconnected
2025-01-15T21:10:43.322Z [INFO]: A user disconnected
2025-01-15T21:10:43.323Z [INFO]: A user disconnected
2025-01-15T21:10:43.323Z [INFO]: A user disconnected
2025-01-15T21:10:43.324Z [INFO]: A user disconnected
2025-01-15T21:10:43.324Z [INFO]: A user disconnected
2025-01-15T21:10:43.324Z [INFO]: A user disconnected
2025-01-15T21:10:43.324Z [INFO]: A user disconnected
2025-01-15T21:10:43.324Z [INFO]: A user disconnected
2025-01-15T21:10:43.325Z [INFO]: A user disconnected
2025-01-15T21:10:43.325Z [INFO]: A user disconnected
2025-01-15T21:10:43.329Z [INFO]: A user disconnected
2025-01-15T21:10:43.330Z [INFO]: A user disconnected
2025-01-15T21:10:43.330Z [INFO]: A user disconnected
2025-01-15T21:10:43.330Z [INFO]: A user disconnected
2025-01-15T21:10:43.330Z [INFO]: A user disconnected
2025-01-15T21:10:43.330Z [INFO]: A user disconnected
2025-01-15T21:10:43.330Z [INFO]: A user disconnected
2025-01-15T21:10:43.330Z [INFO]: A user disconnected
2025-01-15T21:10:43.330Z [INFO]: A user disconnected
2025-01-15T21:10:43.330Z [INFO]: A user disconnected
2025-01-15T21:10:43.331Z [INFO]: A user disconnected
2025-01-15T21:10:43.331Z [INFO]: A user disconnected
2025-01-15T21:10:43.331Z [INFO]: A user disconnected
2025-01-15T21:10:43.331Z [INFO]: A user disconnected
2025-01-15T21:10:43.331Z [INFO]: A user disconnected
2025-01-15T21:10:43.331Z [INFO]: A user disconnected
2025-01-15T21:10:43.331Z [INFO]: A user disconnected
2025-01-15T21:10:43.331Z [INFO]: A user disconnected
2025-01-15T21:10:43.331Z [INFO]: A user disconnected
2025-01-15T21:10:43.332Z [INFO]: A user disconnected
2025-01-15T21:10:43.332Z [INFO]: A user disconnected
2025-01-15T21:10:43.332Z [INFO]: A user disconnected
2025-01-15T21:10:43.332Z [INFO]: A user disconnected
2025-01-15T21:10:43.332Z [INFO]: A user disconnected
2025-01-15T21:10:43.332Z [INFO]: A user disconnected
2025-01-15T21:10:43.332Z [INFO]: A user disconnected
2025-01-15T21:10:43.333Z [INFO]: A user disconnected
2025-01-15T21:10:43.333Z [INFO]: A user disconnected
2025-01-15T21:10:43.333Z [INFO]: A user disconnected
2025-01-15T21:10:43.333Z [INFO]: A user disconnected
2025-01-15T21:10:43.333Z [INFO]: A user disconnected
2025-01-15T21:10:43.333Z [INFO]: A user disconnected
2025-01-15T21:10:43.333Z [INFO]: A user disconnected
2025-01-15T21:10:43.333Z [INFO]: A user disconnected
2025-01-15T21:10:43.333Z [INFO]: A user disconnected
2025-01-15T21:10:43.334Z [INFO]: A user disconnected
2025-01-15T21:10:43.334Z [INFO]: A user disconnected
2025-01-15T21:10:43.334Z [INFO]: A user disconnected
2025-01-15T21:10:43.334Z [INFO]: A user disconnected
2025-01-15T21:10:43.334Z [INFO]: A user disconnected
2025-01-15T21:10:43.334Z [INFO]: A user disconnected
2025-01-15T21:10:43.334Z [INFO]: A user disconnected
2025-01-15T21:10:43.335Z [INFO]: A user disconnected
2025-01-15T21:10:43.335Z [INFO]: A user disconnected
2025-01-15T21:10:43.335Z [INFO]: A user disconnected
2025-01-15T21:10:43.335Z [INFO]: A user disconnected
2025-01-15T21:10:43.336Z [INFO]: A user disconnected
2025-01-15T21:10:43.336Z [INFO]: A user disconnected
2025-01-15T21:10:43.336Z [INFO]: A user disconnected
2025-01-15T21:10:43.336Z [INFO]: A user disconnected
2025-01-15T21:10:43.336Z [INFO]: A user disconnected
2025-01-15T21:10:43.336Z [INFO]: A user disconnected
2025-01-15T21:10:43.336Z [INFO]: A user disconnected
2025-01-15T21:10:43.337Z [INFO]: A user disconnected
2025-01-15T21:10:43.338Z [INFO]: A user disconnected
2025-01-15T21:10:43.338Z [INFO]: A user disconnected
2025-01-15T21:10:43.339Z [INFO]: A user disconnected
2025-01-15T21:10:43.339Z [INFO]: A user disconnected
2025-01-15T21:10:43.339Z [INFO]: A user disconnected
2025-01-15T21:10:43.339Z [INFO]: A user disconnected
2025-01-15T21:10:43.339Z [INFO]: A user disconnected
2025-01-15T21:10:43.339Z [INFO]: A user disconnected
2025-01-15T21:10:43.339Z [INFO]: A user disconnected
2025-01-15T21:10:43.340Z [INFO]: A user disconnected
2025-01-15T21:10:43.340Z [INFO]: A user disconnected
2025-01-15T21:10:43.340Z [INFO]: A user disconnected
2025-01-15T21:10:43.340Z [INFO]: A user disconnected
2025-01-15T21:10:43.340Z [INFO]: A user disconnected
2025-01-15T21:10:43.341Z [INFO]: A user disconnected
2025-01-15T21:10:43.341Z [INFO]: A user disconnected
2025-01-15T21:10:43.341Z [INFO]: A user disconnected
2025-01-15T21:10:43.341Z [INFO]: A user disconnected
2025-01-15T21:10:43.341Z [INFO]: A user disconnected
2025-01-15T21:10:43.341Z [INFO]: A user disconnected
2025-01-15T21:10:43.341Z [INFO]: A user disconnected
2025-01-15T21:10:43.341Z [INFO]: A user disconnected
2025-01-15T21:10:43.426Z [INFO]: A user connected
2025-01-15T21:10:49.122Z [INFO]: A user connected
2025-01-15T21:10:49.125Z [INFO]: A user connected
2025-01-15T21:10:50.049Z [INFO]: A user disconnected
2025-01-15T21:10:50.060Z [INFO]: A user connected
2025-01-15T21:10:50.062Z [INFO]: A user connected
2025-01-15T21:10:50.290Z [INFO]: A user disconnected
2025-01-15T21:10:50.293Z [INFO]: A user connected
2025-01-15T21:10:50.295Z [INFO]: A user connected
2025-01-15T21:10:50.470Z [INFO]: A user disconnected
2025-01-15T21:10:50.473Z [INFO]: A user connected
2025-01-15T21:10:50.474Z [INFO]: A user connected
2025-01-15T21:10:50.681Z [INFO]: A user disconnected
2025-01-15T21:10:50.683Z [INFO]: A user connected
2025-01-15T21:10:50.685Z [INFO]: A user connected
2025-01-15T21:10:50.919Z [INFO]: A user disconnected
2025-01-15T21:10:50.921Z [INFO]: A user connected
2025-01-15T21:10:50.924Z [INFO]: A user connected
2025-01-15T21:10:51.221Z [INFO]: A user disconnected
2025-01-15T21:10:51.224Z [INFO]: A user connected
2025-01-15T21:10:51.225Z [INFO]: A user connected
2025-01-15T21:10:51.340Z [INFO]: A user disconnected
2025-01-15T21:10:51.342Z [INFO]: A user connected
2025-01-15T21:10:51.344Z [INFO]: A user connected
2025-01-15T21:10:51.521Z [INFO]: A user disconnected
2025-01-15T21:10:51.522Z [INFO]: A user connected
2025-01-15T21:10:51.524Z [INFO]: A user connected
2025-01-15T21:10:51.640Z [INFO]: A user disconnected
2025-01-15T21:10:51.642Z [INFO]: A user connected
2025-01-15T21:10:51.644Z [INFO]: A user connected
2025-01-15T21:10:51.790Z [INFO]: A user disconnected
2025-01-15T21:10:51.792Z [INFO]: A user connected
2025-01-15T21:10:51.794Z [INFO]: A user connected
2025-01-15T21:10:54.264Z [INFO]: Received message: "Hello there" from user
2025-01-15T21:10:54.326Z [INFO]: A user disconnected
2025-01-15T21:10:54.330Z [INFO]: A user connected
2025-01-15T21:10:54.332Z [INFO]: A user connected
2025-01-15T21:10:55.847Z [INFO]: Response fetched successfully for message: "Hello there"
2025-01-15T21:10:55.851Z [INFO]: A user disconnected
2025-01-15T21:10:55.855Z [INFO]: A user connected
2025-01-15T21:10:55.857Z [INFO]: A user connected
2025-01-15T21:15:10.071Z [INFO]: A user disconnected
2025-01-15T21:15:10.073Z [INFO]: A user disconnected
2025-01-15T21:15:10.074Z [INFO]: A user disconnected
2025-01-15T21:15:10.075Z [INFO]: A user disconnected
2025-01-15T21:15:10.075Z [INFO]: A user disconnected
2025-01-15T21:15:10.075Z [INFO]: A user disconnected
2025-01-15T21:15:10.076Z [INFO]: A user disconnected
2025-01-15T21:15:10.076Z [INFO]: A user disconnected
2025-01-15T21:15:10.076Z [INFO]: A user disconnected
2025-01-15T21:15:10.077Z [INFO]: A user disconnected
2025-01-15T21:15:10.078Z [INFO]: A user disconnected
2025-01-15T21:15:10.078Z [INFO]: A user disconnected
2025-01-15T21:15:10.079Z [INFO]: A user disconnected
2025-01-15T21:15:10.079Z [INFO]: A user disconnected
2025-01-15T21:15:10.079Z [INFO]: A user disconnected
2025-01-15T21:15:10.260Z [INFO]: A user connected
2025-01-15T21:15:10.263Z [INFO]: A user connected
2025-01-15T21:15:10.272Z [INFO]: A user disconnected
2025-01-15T21:15:14.238Z [INFO]: A user connected
2025-01-15T21:15:14.240Z [INFO]: A user connected
2025-01-15T21:15:14.473Z [INFO]: A user disconnected
2025-01-15T21:15:14.474Z [INFO]: A user connected
2025-01-15T21:15:14.475Z [INFO]: A user connected
2025-01-15T21:15:14.595Z [INFO]: A user disconnected
2025-01-15T21:15:14.596Z [INFO]: A user connected
2025-01-15T21:15:14.597Z [INFO]: A user connected
2025-01-15T21:15:14.772Z [INFO]: A user disconnected
2025-01-15T21:15:14.775Z [INFO]: A user connected
2025-01-15T21:15:14.775Z [INFO]: A user connected
2025-01-15T21:15:14.892Z [INFO]: A user disconnected
2025-01-15T21:15:14.894Z [INFO]: A user connected
2025-01-15T21:15:14.895Z [INFO]: A user connected
2025-01-15T21:15:15.310Z [INFO]: A user disconnected
2025-01-15T21:15:15.313Z [INFO]: A user connected
2025-01-15T21:15:15.314Z [INFO]: A user connected
2025-01-15T21:15:15.492Z [INFO]: A user disconnected
2025-01-15T21:15:15.496Z [INFO]: A user connected
2025-01-15T21:15:15.497Z [INFO]: A user connected
2025-01-15T21:15:15.616Z [INFO]: A user disconnected
2025-01-15T21:15:15.618Z [INFO]: A user connected
2025-01-15T21:15:15.620Z [INFO]: A user connected
2025-01-15T21:15:15.822Z [INFO]: A user disconnected
2025-01-15T21:15:15.825Z [INFO]: A user connected
2025-01-15T21:15:15.826Z [INFO]: A user connected
2025-01-15T21:15:16.002Z [INFO]: A user disconnected
2025-01-15T21:15:16.006Z [INFO]: A user connected
2025-01-15T21:15:16.007Z [INFO]: A user connected
2025-01-15T21:15:16.512Z [INFO]: A user disconnected
2025-01-15T21:15:16.515Z [INFO]: A user connected
2025-01-15T21:15:16.516Z [INFO]: A user connected
2025-01-15T21:15:16.633Z [INFO]: A user connected
2025-01-15T21:15:16.634Z [INFO]: A user disconnected
2025-01-15T21:15:16.635Z [INFO]: A user connected
2025-01-15T21:15:16.752Z [INFO]: A user disconnected
2025-01-15T21:15:16.754Z [INFO]: A user connected
2025-01-15T21:15:16.755Z [INFO]: A user connected
2025-01-15T21:15:16.931Z [INFO]: A user disconnected
2025-01-15T21:15:16.934Z [INFO]: A user connected
2025-01-15T21:15:16.936Z [INFO]: A user connected
2025-01-15T21:15:17.082Z [INFO]: A user disconnected
2025-01-15T21:15:17.085Z [INFO]: A user connected
2025-01-15T21:15:17.086Z [INFO]: A user connected
2025-01-15T21:15:17.320Z [INFO]: A user disconnected
2025-01-15T21:15:17.323Z [INFO]: A user connected
2025-01-15T21:15:17.324Z [INFO]: A user connected
2025-01-15T21:15:17.414Z [INFO]: A user connected
2025-01-15T21:15:17.416Z [INFO]: A user connected
2025-01-15T21:15:17.428Z [INFO]: A user disconnected
2025-01-15T21:15:19.510Z [INFO]: Received message: "entertain please " from user
2025-01-15T21:15:19.515Z [INFO]: A user disconnected
2025-01-15T21:15:19.519Z [INFO]: A user connected
2025-01-15T21:15:19.520Z [INFO]: A user connected
2025-01-15T21:15:21.775Z [INFO]: Response fetched successfully for message: "entertain please "
2025-01-15T21:15:21.779Z [INFO]: A user disconnected
2025-01-15T21:15:21.781Z [INFO]: A user connected
2025-01-15T21:15:21.782Z [INFO]: A user connected
2025-01-15T21:50:17.531Z [INFO]: Server is running on http://localhost:4000
2025-01-15T21:51:32.470Z [INFO]: A user connected
2025-01-15T21:51:54.282Z [INFO]: A user connected
2025-01-15T21:51:54.287Z [INFO]: A user connected
2025-01-15T21:51:54.550Z [INFO]: A user disconnected
2025-01-15T21:51:54.553Z [INFO]: A user connected
2025-01-15T21:51:54.556Z [INFO]: A user connected
2025-01-15T21:51:54.789Z [INFO]: A user disconnected
2025-01-15T21:51:54.791Z [INFO]: A user connected
2025-01-15T21:51:54.793Z [INFO]: A user connected
2025-01-15T21:51:54.968Z [INFO]: A user disconnected
2025-01-15T21:51:54.971Z [INFO]: A user connected
2025-01-15T21:51:54.973Z [INFO]: A user connected
2025-01-15T21:51:55.118Z [INFO]: A user disconnected
2025-01-15T21:51:55.121Z [INFO]: A user connected
2025-01-15T21:51:55.122Z [INFO]: A user connected
2025-01-15T21:51:55.327Z [INFO]: A user disconnected
2025-01-15T21:51:55.332Z [INFO]: A user connected
2025-01-15T21:51:55.334Z [INFO]: A user connected
2025-01-15T21:51:55.477Z [INFO]: A user disconnected
2025-01-15T21:51:55.481Z [INFO]: A user connected
2025-01-15T21:51:55.483Z [INFO]: A user connected
2025-01-15T21:51:55.627Z [INFO]: A user disconnected
2025-01-15T21:51:55.631Z [INFO]: A user connected
2025-01-15T21:51:55.633Z [INFO]: A user connected
2025-01-15T21:51:55.742Z [INFO]: A user connected
2025-01-15T21:51:55.743Z [INFO]: A user connected
2025-01-15T21:51:55.746Z [INFO]: A user disconnected
2025-01-15T21:51:55.866Z [INFO]: A user disconnected
2025-01-15T21:51:55.870Z [INFO]: A user connected
2025-01-15T21:51:55.871Z [INFO]: A user connected
2025-01-15T21:51:56.017Z [INFO]: A user disconnected
2025-01-15T21:51:56.021Z [INFO]: A user connected
2025-01-15T21:51:56.022Z [INFO]: A user connected
2025-01-15T21:51:56.080Z [INFO]: A user connected
2025-01-15T21:51:56.081Z [INFO]: A user connected
2025-01-15T21:51:56.139Z [INFO]: A user disconnected
2025-01-15T21:51:59.602Z [INFO]: Received message: "hello there " from user
2025-01-15T21:51:59.664Z [INFO]: A user disconnected
2025-01-15T21:51:59.668Z [INFO]: A user connected
2025-01-15T21:51:59.668Z [INFO]: A user connected
2025-01-15T21:52:01.102Z [INFO]: Response fetched successfully for message: "hello there "
2025-01-15T21:52:01.107Z [INFO]: A user disconnected
2025-01-15T21:52:01.108Z [INFO]: A user connected
2025-01-15T21:52:01.109Z [INFO]: A user connected
2025-01-15T21:52:07.058Z [INFO]: A user disconnected
2025-01-15T21:52:07.062Z [INFO]: A user connected
2025-01-15T21:52:07.064Z [INFO]: A user connected
2025-01-15T21:52:07.328Z [INFO]: A user disconnected
2025-01-15T21:52:07.332Z [INFO]: A user connected
2025-01-15T21:52:07.333Z [INFO]: A user connected
2025-01-15T21:52:07.598Z [INFO]: A user disconnected
2025-01-15T21:52:07.601Z [INFO]: A user connected
2025-01-15T21:52:07.602Z [INFO]: A user connected
2025-01-15T21:52:08.077Z [INFO]: A user disconnected
2025-01-15T21:52:08.078Z [INFO]: A user connected
2025-01-15T21:52:08.080Z [INFO]: A user connected
2025-01-15T21:52:08.289Z [INFO]: A user disconnected
2025-01-15T21:52:08.291Z [INFO]: A user connected
2025-01-15T21:52:08.292Z [INFO]: A user connected
2025-01-15T21:52:08.439Z [INFO]: A user disconnected
2025-01-15T21:52:08.441Z [INFO]: A user connected
2025-01-15T21:52:08.441Z [INFO]: A user connected
2025-01-15T21:52:09.159Z [INFO]: A user disconnected
2025-01-15T21:52:09.175Z [INFO]: A user connected
2025-01-15T21:52:09.176Z [INFO]: A user connected
2025-01-15T21:52:09.257Z [INFO]: A user connected
2025-01-15T21:52:09.259Z [INFO]: A user connected
2025-01-15T21:52:09.291Z [INFO]: A user disconnected
2025-01-15T21:52:09.488Z [INFO]: A user disconnected
2025-01-15T21:52:09.491Z [INFO]: A user connected
2025-01-15T21:52:09.492Z [INFO]: A user connected
2025-01-15T21:52:09.638Z [INFO]: A user disconnected
2025-01-15T21:52:09.641Z [INFO]: A user connected
2025-01-15T21:52:09.642Z [INFO]: A user connected
2025-01-15T21:52:09.848Z [INFO]: A user disconnected
2025-01-15T21:52:09.851Z [INFO]: A user connected
2025-01-15T21:52:09.852Z [INFO]: A user connected
2025-01-15T21:52:10.028Z [INFO]: A user disconnected
2025-01-15T21:52:10.031Z [INFO]: A user connected
2025-01-15T21:52:10.032Z [INFO]: A user connected
2025-01-15T21:52:10.148Z [INFO]: A user disconnected
2025-01-15T21:52:10.150Z [INFO]: A user connected
2025-01-15T21:52:10.151Z [INFO]: A user connected
2025-01-15T21:52:10.237Z [INFO]: A user connected
2025-01-15T21:52:10.238Z [INFO]: A user connected
2025-01-15T21:52:10.268Z [INFO]: A user disconnected
2025-01-15T21:52:10.384Z [INFO]: A user disconnected
2025-01-15T21:52:10.388Z [INFO]: A user connected
2025-01-15T21:52:10.389Z [INFO]: A user connected
2025-01-15T21:52:10.538Z [INFO]: A user disconnected
2025-01-15T21:52:10.541Z [INFO]: A user connected
2025-01-15T21:52:10.542Z [INFO]: A user connected
2025-01-15T21:52:10.747Z [INFO]: A user disconnected
2025-01-15T21:52:10.751Z [INFO]: A user connected
2025-01-15T21:52:10.751Z [INFO]: A user connected
2025-01-15T21:52:11.016Z [INFO]: A user disconnected
2025-01-15T21:52:11.020Z [INFO]: A user connected
2025-01-15T21:52:11.021Z [INFO]: A user connected
2025-01-15T21:52:11.139Z [INFO]: A user connected
2025-01-15T21:52:11.140Z [INFO]: A user disconnected
2025-01-15T21:52:11.141Z [INFO]: A user connected
2025-01-15T21:52:11.260Z [INFO]: A user disconnected
2025-01-15T21:52:11.262Z [INFO]: A user connected
2025-01-15T21:52:11.262Z [INFO]: A user connected
2025-01-15T21:52:11.408Z [INFO]: A user disconnected
2025-01-15T21:52:11.411Z [INFO]: A user connected
2025-01-15T21:52:11.412Z [INFO]: A user connected
2025-01-15T21:52:11.501Z [INFO]: A user connected
2025-01-15T21:52:11.502Z [INFO]: A user connected
2025-01-15T21:52:11.529Z [INFO]: A user disconnected
2025-01-15T21:52:11.648Z [INFO]: A user disconnected
2025-01-15T21:52:11.651Z [INFO]: A user connected
2025-01-15T21:52:11.652Z [INFO]: A user connected
2025-01-15T21:52:11.709Z [INFO]: A user connected
2025-01-15T21:52:11.710Z [INFO]: A user connected
2025-01-15T21:52:11.757Z [INFO]: A user disconnected
2025-01-15T21:52:11.888Z [INFO]: A user disconnected
2025-01-15T21:52:11.891Z [INFO]: A user connected
2025-01-15T21:52:11.892Z [INFO]: A user connected
2025-01-15T21:52:12.009Z [INFO]: A user disconnected
2025-01-15T21:52:12.010Z [INFO]: A user connected
2025-01-15T21:52:12.012Z [INFO]: A user connected
2025-01-15T21:52:12.249Z [INFO]: A user disconnected
2025-01-15T21:52:12.252Z [INFO]: A user connected
2025-01-15T21:52:12.253Z [INFO]: A user connected
2025-01-15T21:52:12.458Z [INFO]: A user disconnected
2025-01-15T21:52:12.461Z [INFO]: A user connected
2025-01-15T21:52:12.462Z [INFO]: A user connected
2025-01-15T21:52:12.638Z [INFO]: A user disconnected
2025-01-15T21:52:12.642Z [INFO]: A user connected
2025-01-15T21:52:12.642Z [INFO]: A user connected
2025-01-15T21:52:12.848Z [INFO]: A user disconnected
2025-01-15T21:52:12.851Z [INFO]: A user connected
2025-01-15T21:52:12.852Z [INFO]: A user connected
2025-01-15T21:52:12.941Z [INFO]: A user connected
2025-01-15T21:52:12.942Z [INFO]: A user connected
2025-01-15T21:52:12.955Z [INFO]: A user disconnected
2025-01-15T21:52:14.588Z [INFO]: A user disconnected
2025-01-15T21:52:14.591Z [INFO]: A user connected
2025-01-15T21:52:14.592Z [INFO]: A user connected
2025-01-15T21:52:14.797Z [INFO]: A user disconnected
2025-01-15T21:52:14.800Z [INFO]: A user connected
2025-01-15T21:52:14.801Z [INFO]: A user connected
2025-01-15T21:52:14.978Z [INFO]: A user disconnected
2025-01-15T21:52:14.980Z [INFO]: A user connected
2025-01-15T21:52:14.981Z [INFO]: A user connected
2025-01-15T21:52:15.846Z [INFO]: A user disconnected
2025-01-15T21:52:15.858Z [INFO]: A user connected
2025-01-15T21:52:15.859Z [INFO]: A user connected
2025-01-15T21:52:15.970Z [INFO]: A user connected
2025-01-15T21:52:15.972Z [INFO]: A user connected
2025-01-15T21:52:15.972Z [INFO]: A user disconnected
2025-01-15T21:52:18.020Z [INFO]: Received message: "tell me about the skills" from user
2025-01-15T21:52:18.024Z [INFO]: A user disconnected
2025-01-15T21:52:18.028Z [INFO]: A user connected
2025-01-15T21:52:18.029Z [INFO]: A user connected
2025-01-15T21:52:22.357Z [INFO]: Response fetched successfully for message: "tell me about the skills"
2025-01-15T21:52:22.363Z [INFO]: A user disconnected
2025-01-15T21:52:22.365Z [INFO]: A user connected
2025-01-15T21:52:22.366Z [INFO]: A user connected
2025-01-15T21:54:32.976Z [INFO]: A user disconnected
2025-01-15T21:54:32.976Z [INFO]: A user disconnected
2025-01-15T21:54:32.976Z [INFO]: A user disconnected
2025-01-15T21:54:32.977Z [INFO]: A user disconnected
2025-01-15T21:54:32.977Z [INFO]: A user disconnected
2025-01-15T21:54:33.010Z [INFO]: A user disconnected
2025-01-15T21:54:33.011Z [INFO]: A user disconnected
2025-01-15T21:54:33.012Z [INFO]: A user disconnected
2025-01-15T21:54:33.012Z [INFO]: A user disconnected
2025-01-15T21:54:33.014Z [INFO]: A user disconnected
2025-01-15T21:54:33.014Z [INFO]: A user disconnected
2025-01-15T21:54:33.014Z [INFO]: A user disconnected
2025-01-15T21:54:33.014Z [INFO]: A user disconnected
2025-01-15T21:54:33.016Z [INFO]: A user disconnected
2025-01-15T21:54:33.017Z [INFO]: A user disconnected
2025-01-15T21:54:33.017Z [INFO]: A user disconnected
2025-01-15T21:54:33.017Z [INFO]: A user disconnected
2025-01-15T21:54:33.017Z [INFO]: A user disconnected
2025-01-15T21:54:33.017Z [INFO]: A user disconnected
2025-01-15T21:54:33.019Z [INFO]: A user disconnected
2025-01-15T21:54:33.019Z [INFO]: A user disconnected
2025-01-15T21:54:33.019Z [INFO]: A user disconnected
2025-01-15T21:54:33.020Z [INFO]: A user disconnected
2025-01-15T21:54:33.020Z [INFO]: A user disconnected
2025-01-15T21:54:33.020Z [INFO]: A user disconnected
2025-01-15T21:54:33.020Z [INFO]: A user disconnected
2025-01-15T21:54:33.020Z [INFO]: A user disconnected
2025-01-15T21:54:33.020Z [INFO]: A user disconnected
2025-01-15T21:54:33.020Z [INFO]: A user disconnected
2025-01-15T21:54:33.020Z [INFO]: A user disconnected
2025-01-15T21:54:33.020Z [INFO]: A user disconnected
2025-01-15T21:54:33.021Z [INFO]: A user disconnected
2025-01-15T21:54:33.021Z [INFO]: A user disconnected
2025-01-15T21:54:33.021Z [INFO]: A user disconnected
2025-01-15T21:54:33.023Z [INFO]: A user disconnected
2025-01-15T21:54:33.023Z [INFO]: A user disconnected
2025-01-15T21:54:33.023Z [INFO]: A user disconnected
2025-01-15T21:54:33.023Z [INFO]: A user disconnected
2025-01-15T21:54:33.024Z [INFO]: A user disconnected
2025-01-15T21:54:33.024Z [INFO]: A user disconnected
2025-01-15T21:54:33.024Z [INFO]: A user disconnected
2025-01-15T21:54:33.024Z [INFO]: A user disconnected
2025-01-15T21:54:33.024Z [INFO]: A user disconnected
2025-01-15T21:54:33.024Z [INFO]: A user disconnected
2025-01-15T21:54:33.024Z [INFO]: A user disconnected
2025-01-15T21:54:33.024Z [INFO]: A user disconnected
2025-01-15T21:54:33.025Z [INFO]: A user disconnected
2025-01-15T21:54:33.025Z [INFO]: A user disconnected
2025-01-15T21:54:33.025Z [INFO]: A user disconnected
2025-01-15T21:54:33.025Z [INFO]: A user disconnected
2025-01-15T21:54:33.025Z [INFO]: A user disconnected
2025-01-15T21:54:33.025Z [INFO]: A user disconnected
2025-01-15T21:54:33.025Z [INFO]: A user disconnected
2025-01-15T21:54:33.026Z [INFO]: A user disconnected
2025-01-15T21:54:33.724Z [INFO]: A user connected
2025-01-15T21:54:33.761Z [INFO]: A user connected
2025-01-15T21:54:33.767Z [INFO]: A user disconnected
2025-01-15T21:55:50.512Z [INFO]: A user disconnected
2025-01-15T21:55:51.164Z [INFO]: A user connected
2025-01-15T21:55:51.167Z [INFO]: A user connected
2025-01-15T21:55:51.174Z [INFO]: A user disconnected
2025-01-15T21:55:54.902Z [INFO]: A user disconnected
2025-01-15T21:55:54.935Z [INFO]: A user connected
2025-01-15T21:56:03.077Z [INFO]: A user connected
2025-01-15T21:56:03.078Z [INFO]: A user connected
2025-01-15T21:56:03.311Z [INFO]: A user disconnected
2025-01-15T21:56:03.314Z [INFO]: A user connected
2025-01-15T21:56:03.315Z [INFO]: A user connected
2025-01-15T21:56:03.581Z [INFO]: A user disconnected
2025-01-15T21:56:03.584Z [INFO]: A user connected
2025-01-15T21:56:03.585Z [INFO]: A user connected
2025-01-15T21:56:03.731Z [INFO]: A user disconnected
2025-01-15T21:56:03.734Z [INFO]: A user connected
2025-01-15T21:56:03.735Z [INFO]: A user connected
2025-01-15T21:56:03.911Z [INFO]: A user disconnected
2025-01-15T21:56:03.914Z [INFO]: A user connected
2025-01-15T21:56:03.915Z [INFO]: A user connected
2025-01-15T21:56:04.089Z [INFO]: A user disconnected
2025-01-15T21:56:04.093Z [INFO]: A user connected
2025-01-15T21:56:04.094Z [INFO]: A user connected
2025-01-15T21:56:04.210Z [INFO]: A user disconnected
2025-01-15T21:56:04.212Z [INFO]: A user connected
2025-01-15T21:56:04.214Z [INFO]: A user connected
2025-01-15T21:56:04.330Z [INFO]: A user disconnected
2025-01-15T21:56:04.332Z [INFO]: A user connected
2025-01-15T21:56:04.333Z [INFO]: A user connected
2025-01-15T21:56:04.394Z [INFO]: A user connected
2025-01-15T21:56:04.396Z [INFO]: A user connected
2025-01-15T21:56:04.450Z [INFO]: A user disconnected
2025-01-15T21:56:04.541Z [INFO]: A user disconnected
2025-01-15T21:56:04.544Z [INFO]: A user connected
2025-01-15T21:56:04.545Z [INFO]: A user connected
2025-01-15T21:56:04.691Z [INFO]: A user disconnected
2025-01-15T21:56:04.694Z [INFO]: A user connected
2025-01-15T21:56:04.695Z [INFO]: A user connected
2025-01-15T21:56:04.754Z [INFO]: A user connected
2025-01-15T21:56:04.755Z [INFO]: A user connected
2025-01-15T21:56:04.812Z [INFO]: A user disconnected
2025-01-15T21:56:07.899Z [INFO]: Received message: "hello there " from user
2025-01-15T21:56:07.903Z [INFO]: A user disconnected
2025-01-15T21:56:07.906Z [INFO]: A user connected
2025-01-15T21:56:07.907Z [INFO]: A user connected
2025-01-15T21:56:09.417Z [INFO]: Response fetched successfully for message: "hello there "
2025-01-15T21:56:09.420Z [INFO]: A user disconnected
2025-01-15T21:56:09.422Z [INFO]: A user connected
2025-01-15T21:56:09.423Z [INFO]: A user connected
2025-01-15T21:58:01.685Z [INFO]: A user disconnected
2025-01-15T21:58:01.686Z [INFO]: A user disconnected
2025-01-15T21:58:01.687Z [INFO]: A user disconnected
2025-01-15T21:58:01.687Z [INFO]: A user disconnected
2025-01-15T21:58:01.689Z [INFO]: A user disconnected
2025-01-15T21:58:01.689Z [INFO]: A user disconnected
2025-01-15T21:58:01.690Z [INFO]: A user disconnected
2025-01-15T21:58:01.690Z [INFO]: A user disconnected
2025-01-15T21:58:01.690Z [INFO]: A user disconnected
2025-01-15T21:58:01.691Z [INFO]: A user disconnected
2025-01-15T21:58:01.691Z [INFO]: A user disconnected
2025-01-15T21:58:01.691Z [INFO]: A user disconnected
2025-01-15T21:58:01.692Z [INFO]: A user disconnected
2025-01-15T21:58:01.692Z [INFO]: A user disconnected
2025-01-15T21:58:01.692Z [INFO]: A user disconnected
2025-01-15T21:58:01.692Z [INFO]: A user disconnected
2025-01-15T21:58:01.739Z [INFO]: A user connected
2025-01-15T21:58:01.742Z [INFO]: A user connected
2025-01-15T21:58:01.744Z [INFO]: A user disconnected
2025-01-15T21:58:29.263Z [INFO]: A user disconnected
2025-01-15T21:58:29.418Z [INFO]: A user connected
2025-01-15T21:58:29.420Z [INFO]: A user connected
2025-01-15T21:58:29.425Z [INFO]: A user disconnected
2025-01-15T21:58:46.715Z [INFO]: A user disconnected
2025-01-15T21:58:46.757Z [INFO]: A user connected
2025-01-15T21:58:46.759Z [INFO]: A user connected
2025-01-15T21:58:46.764Z [INFO]: A user disconnected
2025-01-15T21:58:48.702Z [INFO]: A user connected
2025-01-15T21:58:48.702Z [INFO]: A user connected
2025-01-15T21:58:48.820Z [INFO]: A user disconnected
2025-01-15T21:58:48.823Z [INFO]: A user connected
2025-01-15T21:58:48.824Z [INFO]: A user connected
2025-01-15T21:58:49.032Z [INFO]: A user disconnected
2025-01-15T21:58:49.035Z [INFO]: A user connected
2025-01-15T21:58:49.036Z [INFO]: A user connected
2025-01-15T21:58:49.212Z [INFO]: A user disconnected
2025-01-15T21:58:49.215Z [INFO]: A user connected
2025-01-15T21:58:49.216Z [INFO]: A user connected
2025-01-15T21:58:49.392Z [INFO]: A user disconnected
2025-01-15T21:58:49.395Z [INFO]: A user connected
2025-01-15T21:58:49.396Z [INFO]: A user connected
2025-01-15T21:58:49.629Z [INFO]: A user disconnected
2025-01-15T21:58:49.632Z [INFO]: A user connected
2025-01-15T21:58:49.633Z [INFO]: A user connected
2025-01-15T21:58:49.723Z [INFO]: A user connected
2025-01-15T21:58:49.724Z [INFO]: A user connected
2025-01-15T21:58:49.748Z [INFO]: A user disconnected
2025-01-15T21:58:49.842Z [INFO]: A user disconnected
2025-01-15T21:58:49.845Z [INFO]: A user connected
2025-01-15T21:58:49.846Z [INFO]: A user connected
2025-01-15T21:58:49.934Z [INFO]: A user connected
2025-01-15T21:58:49.936Z [INFO]: A user connected
2025-01-15T21:58:49.963Z [INFO]: A user disconnected
2025-01-15T21:58:50.082Z [INFO]: A user disconnected
2025-01-15T21:58:50.085Z [INFO]: A user connected
2025-01-15T21:58:50.086Z [INFO]: A user connected
2025-01-15T21:58:50.202Z [INFO]: A user disconnected
2025-01-15T21:58:50.203Z [INFO]: A user connected
2025-01-15T21:58:50.205Z [INFO]: A user connected
2025-01-15T21:58:50.273Z [INFO]: A user connected
2025-01-15T21:58:50.274Z [INFO]: A user connected
2025-01-15T21:58:50.321Z [INFO]: A user disconnected
2025-01-15T21:58:53.306Z [INFO]: Received message: "hello there " from user
2025-01-15T21:58:53.310Z [INFO]: A user disconnected
2025-01-15T21:58:53.313Z [INFO]: A user connected
2025-01-15T21:58:53.314Z [INFO]: A user connected
2025-01-15T21:58:54.690Z [INFO]: Response fetched successfully for message: "hello there "
2025-01-15T21:58:54.694Z [INFO]: A user disconnected
2025-01-15T21:58:54.697Z [INFO]: A user connected
2025-01-15T21:58:54.698Z [INFO]: A user connected
2025-01-15T22:00:50.763Z [INFO]: A user disconnected
2025-01-15T22:00:50.765Z [INFO]: A user disconnected
2025-01-15T22:00:50.765Z [INFO]: A user disconnected
2025-01-15T22:00:50.766Z [INFO]: A user disconnected
2025-01-15T22:00:50.766Z [INFO]: A user disconnected
2025-01-15T22:00:50.766Z [INFO]: A user disconnected
2025-01-15T22:00:50.766Z [INFO]: A user disconnected
2025-01-15T22:00:50.767Z [INFO]: A user disconnected
2025-01-15T22:00:50.767Z [INFO]: A user disconnected
2025-01-15T22:00:50.767Z [INFO]: A user disconnected
2025-01-15T22:00:50.767Z [INFO]: A user disconnected
2025-01-15T22:00:50.767Z [INFO]: A user disconnected
2025-01-15T22:00:50.768Z [INFO]: A user disconnected
2025-01-15T22:00:50.768Z [INFO]: A user disconnected
2025-01-15T22:00:50.768Z [INFO]: A user disconnected
2025-01-15T22:00:50.769Z [INFO]: A user disconnected
2025-01-15T22:00:50.968Z [INFO]: A user connected
2025-01-15T22:00:50.971Z [INFO]: A user connected
2025-01-15T22:00:50.975Z [INFO]: A user disconnected
2025-01-15T22:01:10.416Z [INFO]: A user disconnected
2025-01-15T22:01:10.454Z [INFO]: A user connected
2025-01-15T22:01:10.458Z [INFO]: A user connected
2025-01-15T22:01:10.462Z [INFO]: A user disconnected
2025-01-15T22:02:26.820Z [INFO]: A user disconnected
2025-01-15T22:02:26.966Z [INFO]: A user connected
2025-01-15T22:02:26.969Z [INFO]: A user connected
2025-01-15T22:02:26.973Z [INFO]: A user disconnected
2025-01-15T22:03:27.316Z [INFO]: A user disconnected
2025-01-15T22:03:27.920Z [INFO]: A user connected
2025-01-15T22:05:23.215Z [INFO]: A user disconnected
2025-01-15T22:05:23.717Z [INFO]: A user connected
2025-01-15T22:05:23.719Z [INFO]: A user connected
2025-01-15T22:05:23.726Z [INFO]: A user disconnected
2025-01-15T22:05:36.514Z [INFO]: A user disconnected
2025-01-15T22:05:36.665Z [INFO]: A user connected
2025-01-15T22:05:36.669Z [INFO]: A user connected
2025-01-15T22:05:36.674Z [INFO]: A user disconnected
2025-01-15T22:06:00.756Z [INFO]: A user disconnected
2025-01-15T22:06:00.790Z [INFO]: A user connected
2025-01-15T22:08:48.038Z [INFO]: A user disconnected
2025-01-15T22:08:48.078Z [INFO]: A user connected
2025-01-15T22:08:52.637Z [INFO]: A user connected
2025-01-15T22:08:52.639Z [INFO]: A user connected
2025-01-15T22:08:52.743Z [INFO]: A user connected
2025-01-15T22:08:52.745Z [INFO]: A user connected
2025-01-15T22:08:52.756Z [INFO]: A user disconnected
2025-01-15T22:08:52.932Z [INFO]: A user disconnected
2025-01-15T22:08:52.935Z [INFO]: A user connected
2025-01-15T22:08:52.936Z [INFO]: A user connected
2025-01-15T22:08:53.112Z [INFO]: A user disconnected
2025-01-15T22:08:53.125Z [INFO]: A user connected
2025-01-15T22:08:53.126Z [INFO]: A user connected
2025-01-15T22:08:53.292Z [INFO]: A user disconnected
2025-01-15T22:08:53.295Z [INFO]: A user connected
2025-01-15T22:08:53.296Z [INFO]: A user connected
2025-01-15T22:08:53.472Z [INFO]: A user disconnected
2025-01-15T22:08:53.475Z [INFO]: A user connected
2025-01-15T22:08:53.476Z [INFO]: A user connected
2025-01-15T22:08:53.745Z [INFO]: A user disconnected
2025-01-15T22:08:53.759Z [INFO]: A user connected
2025-01-15T22:08:53.759Z [INFO]: A user connected
2025-01-15T22:08:53.921Z [INFO]: A user disconnected
2025-01-15T22:08:53.943Z [INFO]: A user connected
2025-01-15T22:08:53.944Z [INFO]: A user connected
2025-01-15T22:08:53.993Z [INFO]: A user connected
2025-01-15T22:08:53.994Z [INFO]: A user connected
2025-01-15T22:08:54.060Z [INFO]: A user disconnected
2025-01-15T22:08:54.131Z [INFO]: A user disconnected
2025-01-15T22:08:54.134Z [INFO]: A user connected
2025-01-15T22:08:54.135Z [INFO]: A user connected
2025-01-15T22:08:56.263Z [INFO]: Received message: "Hello bot " from user
2025-01-15T22:08:56.267Z [INFO]: A user disconnected
2025-01-15T22:08:56.270Z [INFO]: A user connected
2025-01-15T22:08:56.270Z [INFO]: A user connected
2025-01-15T22:08:57.004Z [INFO]: Response fetched successfully for message: "Hello bot "
2025-01-15T22:08:57.008Z [INFO]: A user disconnected
2025-01-15T22:08:57.009Z [INFO]: A user connected
2025-01-15T22:08:57.010Z [INFO]: A user connected
2025-01-15T22:09:03.074Z [INFO]: A user disconnected
2025-01-15T22:09:03.077Z [INFO]: A user connected
2025-01-15T22:09:03.079Z [INFO]: A user connected
2025-01-15T22:09:03.208Z [INFO]: A user disconnected
2025-01-15T22:09:03.210Z [INFO]: A user connected
2025-01-15T22:09:03.211Z [INFO]: A user connected
2025-01-15T22:09:03.316Z [INFO]: A user connected
2025-01-15T22:09:03.317Z [INFO]: A user connected
2025-01-15T22:09:03.326Z [INFO]: A user disconnected
2025-01-15T22:09:03.437Z [INFO]: A user disconnected
2025-01-15T22:09:03.442Z [INFO]: A user connected
2025-01-15T22:09:03.443Z [INFO]: A user connected
2025-01-15T22:09:03.584Z [INFO]: A user disconnected
2025-01-15T22:09:03.587Z [INFO]: A user connected
2025-01-15T22:09:03.589Z [INFO]: A user connected
2025-01-15T22:09:03.705Z [INFO]: A user connected
2025-01-15T22:09:03.706Z [INFO]: A user disconnected
2025-01-15T22:09:03.707Z [INFO]: A user connected
2025-01-15T22:09:03.853Z [INFO]: A user disconnected
2025-01-15T22:09:03.857Z [INFO]: A user connected
2025-01-15T22:09:03.857Z [INFO]: A user connected
2025-01-15T22:09:03.946Z [INFO]: A user connected
2025-01-15T22:09:03.947Z [INFO]: A user connected
2025-01-15T22:09:03.972Z [INFO]: A user disconnected
2025-01-15T22:09:04.034Z [INFO]: A user connected
2025-01-15T22:09:04.035Z [INFO]: A user connected
2025-01-15T22:09:04.062Z [INFO]: A user disconnected
2025-01-15T22:09:04.546Z [INFO]: A user disconnected
2025-01-15T22:09:04.560Z [INFO]: A user connected
2025-01-15T22:09:04.561Z [INFO]: A user connected
2025-01-15T22:09:05.081Z [INFO]: A user disconnected
2025-01-15T22:09:05.090Z [INFO]: A user connected
2025-01-15T22:09:05.092Z [INFO]: A user connected
2025-01-15T22:09:05.322Z [INFO]: A user disconnected
2025-01-15T22:09:05.325Z [INFO]: A user connected
2025-01-15T22:09:05.326Z [INFO]: A user connected
2025-01-15T22:09:05.502Z [INFO]: A user disconnected
2025-01-15T22:09:05.507Z [INFO]: A user connected
2025-01-15T22:09:05.508Z [INFO]: A user connected
2025-01-15T22:09:05.575Z [INFO]: A user connected
2025-01-15T22:09:05.576Z [INFO]: A user connected
2025-01-15T22:09:05.624Z [INFO]: A user disconnected
2025-01-15T22:09:05.742Z [INFO]: A user disconnected
2025-01-15T22:09:05.756Z [INFO]: A user connected
2025-01-15T22:09:05.757Z [INFO]: A user connected
2025-01-15T22:09:05.954Z [INFO]: A user disconnected
2025-01-15T22:09:05.957Z [INFO]: A user connected
2025-01-15T22:09:05.958Z [INFO]: A user connected
2025-01-15T22:09:06.046Z [INFO]: A user connected
2025-01-15T22:09:06.047Z [INFO]: A user connected
2025-01-15T22:09:06.073Z [INFO]: A user disconnected
2025-01-15T22:09:06.228Z [INFO]: A user disconnected
2025-01-15T22:09:06.242Z [INFO]: A user connected
2025-01-15T22:09:06.243Z [INFO]: A user connected
2025-01-15T22:09:06.431Z [INFO]: A user disconnected
2025-01-15T22:09:06.442Z [INFO]: A user connected
2025-01-15T22:09:06.443Z [INFO]: A user connected
2025-01-15T22:09:06.643Z [INFO]: A user disconnected
2025-01-15T22:09:06.646Z [INFO]: A user connected
2025-01-15T22:09:06.647Z [INFO]: A user connected
2025-01-15T22:09:06.763Z [INFO]: A user disconnected
2025-01-15T22:09:06.765Z [INFO]: A user connected
2025-01-15T22:09:06.767Z [INFO]: A user connected
2025-01-15T22:09:06.973Z [INFO]: A user disconnected
2025-01-15T22:09:06.977Z [INFO]: A user connected
2025-01-15T22:09:06.978Z [INFO]: A user connected
2025-01-15T22:09:07.872Z [INFO]: A user disconnected
2025-01-15T22:09:07.894Z [INFO]: A user connected
2025-01-15T22:09:07.895Z [INFO]: A user connected
2025-01-15T22:09:09.619Z [INFO]: Received message: "what are you doing here" from user
2025-01-15T22:09:09.623Z [INFO]: A user disconnected
2025-01-15T22:09:09.630Z [INFO]: A user connected
2025-01-15T22:09:09.631Z [INFO]: A user connected
2025-01-15T22:09:11.555Z [INFO]: Response fetched successfully for message: "what are you doing here"
2025-01-15T22:09:11.559Z [INFO]: A user disconnected
2025-01-15T22:09:11.562Z [INFO]: A user connected
2025-01-15T22:09:11.563Z [INFO]: A user connected
2025-01-15T22:09:18.673Z [INFO]: A user disconnected
2025-01-15T22:09:18.677Z [INFO]: A user connected
2025-01-15T22:09:18.679Z [INFO]: A user connected
2025-01-15T22:09:18.820Z [INFO]: A user disconnected
2025-01-15T22:09:18.843Z [INFO]: A user connected
2025-01-15T22:09:18.844Z [INFO]: A user connected
2025-01-15T22:09:18.924Z [INFO]: A user connected
2025-01-15T22:09:18.926Z [INFO]: A user connected
2025-01-15T22:09:18.959Z [INFO]: A user disconnected
2025-01-15T22:09:19.094Z [INFO]: A user disconnected
2025-01-15T22:09:19.097Z [INFO]: A user connected
2025-01-15T22:09:19.098Z [INFO]: A user connected
2025-01-15T22:09:19.191Z [INFO]: A user connected
2025-01-15T22:09:19.192Z [INFO]: A user connected
2025-01-15T22:09:19.212Z [INFO]: A user disconnected
2025-01-15T22:09:19.307Z [INFO]: A user connected
2025-01-15T22:09:19.308Z [INFO]: A user disconnected
2025-01-15T22:09:19.308Z [INFO]: A user connected
2025-01-15T22:09:19.512Z [INFO]: A user disconnected
2025-01-15T22:09:19.516Z [INFO]: A user connected
2025-01-15T22:09:19.516Z [INFO]: A user connected
2025-01-15T22:09:19.633Z [INFO]: A user disconnected
2025-01-15T22:09:19.636Z [INFO]: A user connected
2025-01-15T22:09:19.636Z [INFO]: A user connected
2025-01-15T22:09:19.813Z [INFO]: A user disconnected
2025-01-15T22:09:19.817Z [INFO]: A user connected
2025-01-15T22:09:19.817Z [INFO]: A user connected
2025-01-15T22:09:19.907Z [INFO]: A user connected
2025-01-15T22:09:19.908Z [INFO]: A user connected
2025-01-15T22:09:19.933Z [INFO]: A user disconnected
2025-01-15T22:09:20.026Z [INFO]: A user disconnected
2025-01-15T22:09:20.026Z [INFO]: A user connected
2025-01-15T22:09:20.027Z [INFO]: A user connected
2025-01-15T22:09:20.172Z [INFO]: A user disconnected
2025-01-15T22:09:20.175Z [INFO]: A user connected
2025-01-15T22:09:20.176Z [INFO]: A user connected
2025-01-15T22:09:20.323Z [INFO]: A user disconnected
2025-01-15T22:09:20.325Z [INFO]: A user connected
2025-01-15T22:09:20.326Z [INFO]: A user connected
2025-01-15T22:09:20.474Z [INFO]: A user disconnected
2025-01-15T22:09:20.477Z [INFO]: A user connected
2025-01-15T22:09:20.478Z [INFO]: A user connected
2025-01-15T22:09:20.684Z [INFO]: A user disconnected
2025-01-15T22:09:20.686Z [INFO]: A user connected
2025-01-15T22:09:20.688Z [INFO]: A user connected
2025-01-15T22:09:20.830Z [INFO]: A user disconnected
2025-01-15T22:09:20.840Z [INFO]: A user connected
2025-01-15T22:09:20.841Z [INFO]: A user connected
2025-01-15T22:09:21.013Z [INFO]: A user disconnected
2025-01-15T22:09:21.017Z [INFO]: A user connected
2025-01-15T22:09:21.017Z [INFO]: A user connected
2025-01-15T22:09:21.075Z [INFO]: A user connected
2025-01-15T22:09:21.076Z [INFO]: A user connected
2025-01-15T22:09:21.132Z [INFO]: A user disconnected
2025-01-15T22:09:21.252Z [INFO]: A user disconnected
2025-01-15T22:09:21.257Z [INFO]: A user connected
2025-01-15T22:09:21.258Z [INFO]: A user connected
2025-01-15T22:09:21.374Z [INFO]: A user disconnected
2025-01-15T22:09:21.375Z [INFO]: A user connected
2025-01-15T22:09:21.376Z [INFO]: A user connected
2025-01-15T22:09:21.474Z [INFO]: A user connected
2025-01-15T22:09:21.475Z [INFO]: A user connected
2025-01-15T22:09:21.490Z [INFO]: A user disconnected
2025-01-15T22:09:21.823Z [INFO]: A user disconnected
2025-01-15T22:09:21.825Z [INFO]: A user connected
2025-01-15T22:09:21.826Z [INFO]: A user connected
2025-01-15T22:09:24.467Z [INFO]: Received message: "is he good at coding ?" from user
2025-01-15T22:09:24.471Z [INFO]: A user disconnected
2025-01-15T22:09:24.475Z [INFO]: A user connected
2025-01-15T22:09:24.475Z [INFO]: A user connected
2025-01-15T22:09:28.068Z [INFO]: Response fetched successfully for message: "is he good at coding ?"
2025-01-15T22:09:28.075Z [INFO]: A user disconnected
2025-01-15T22:09:28.077Z [INFO]: A user connected
2025-01-15T22:09:28.078Z [INFO]: A user connected
2025-01-15T22:10:32.173Z [INFO]: A user disconnected
2025-01-15T22:10:32.197Z [INFO]: A user connected
2025-01-15T22:10:32.200Z [INFO]: A user connected
2025-01-15T22:10:32.312Z [INFO]: A user connected
2025-01-15T22:10:32.313Z [INFO]: A user connected
2025-01-15T22:10:32.314Z [INFO]: A user disconnected
2025-01-15T22:10:32.923Z [INFO]: A user disconnected
2025-01-15T22:10:32.928Z [INFO]: A user connected
2025-01-15T22:10:32.928Z [INFO]: A user connected
2025-01-15T22:10:33.105Z [INFO]: A user disconnected
2025-01-15T22:10:33.129Z [INFO]: A user connected
2025-01-15T22:10:33.130Z [INFO]: A user connected
2025-01-15T22:10:33.228Z [INFO]: A user connected
2025-01-15T22:10:33.229Z [INFO]: A user connected
2025-01-15T22:10:33.244Z [INFO]: A user disconnected
2025-01-15T22:10:33.471Z [INFO]: A user disconnected
2025-01-15T22:10:33.495Z [INFO]: A user connected
2025-01-15T22:10:33.496Z [INFO]: A user connected
2025-01-15T22:10:33.561Z [INFO]: A user connected
2025-01-15T22:10:33.562Z [INFO]: A user connected
2025-01-15T22:10:33.611Z [INFO]: A user disconnected
2025-01-15T22:10:33.676Z [INFO]: A user disconnected
2025-01-15T22:10:33.678Z [INFO]: A user connected
2025-01-15T22:10:33.678Z [INFO]: A user connected
2025-01-15T22:10:33.795Z [INFO]: A user disconnected
2025-01-15T22:10:33.796Z [INFO]: A user connected
2025-01-15T22:10:33.797Z [INFO]: A user connected
2025-01-15T22:10:33.915Z [INFO]: A user disconnected
2025-01-15T22:10:33.919Z [INFO]: A user connected
2025-01-15T22:10:33.920Z [INFO]: A user connected
2025-01-15T22:10:34.063Z [INFO]: A user disconnected
2025-01-15T22:10:34.067Z [INFO]: A user connected
2025-01-15T22:10:34.068Z [INFO]: A user connected
2025-01-15T22:10:34.252Z [INFO]: A user disconnected
2025-01-15T22:10:34.280Z [INFO]: A user connected
2025-01-15T22:10:34.281Z [INFO]: A user connected
2025-01-15T22:10:34.363Z [INFO]: A user connected
2025-01-15T22:10:34.365Z [INFO]: A user connected
2025-01-15T22:10:34.396Z [INFO]: A user disconnected
2025-01-15T22:10:34.461Z [INFO]: A user connected
2025-01-15T22:10:34.463Z [INFO]: A user connected
2025-01-15T22:10:34.479Z [INFO]: A user disconnected
2025-01-15T22:10:34.663Z [INFO]: A user disconnected
2025-01-15T22:10:34.680Z [INFO]: A user connected
2025-01-15T22:10:34.681Z [INFO]: A user connected
2025-01-15T22:10:34.873Z [INFO]: A user disconnected
2025-01-15T22:10:34.919Z [INFO]: A user connected
2025-01-15T22:10:34.922Z [INFO]: A user connected
2025-01-15T22:10:35.122Z [INFO]: A user disconnected
2025-01-15T22:10:35.148Z [INFO]: A user connected
2025-01-15T22:10:35.149Z [INFO]: A user connected
2025-01-15T22:10:35.742Z [INFO]: A user disconnected
2025-01-15T22:10:35.777Z [INFO]: A user connected
2025-01-15T22:10:35.778Z [INFO]: A user connected
2025-01-15T22:10:35.877Z [INFO]: A user connected
2025-01-15T22:10:35.878Z [INFO]: A user connected
2025-01-15T22:10:35.892Z [INFO]: A user disconnected
2025-01-15T22:10:36.133Z [INFO]: A user disconnected
2025-01-15T22:10:36.144Z [INFO]: A user connected
2025-01-15T22:10:36.146Z [INFO]: A user connected
2025-01-15T22:10:36.245Z [INFO]: A user connected
2025-01-15T22:10:36.247Z [INFO]: A user connected
2025-01-15T22:10:36.262Z [INFO]: A user disconnected
2025-01-15T22:10:36.402Z [INFO]: A user disconnected
2025-01-15T22:10:36.404Z [INFO]: A user connected
2025-01-15T22:10:36.405Z [INFO]: A user connected
2025-01-15T22:10:36.524Z [INFO]: A user disconnected
2025-01-15T22:10:36.528Z [INFO]: A user connected
2025-01-15T22:10:36.529Z [INFO]: A user connected
2025-01-15T22:10:36.736Z [INFO]: A user disconnected
2025-01-15T22:10:36.744Z [INFO]: A user connected
2025-01-15T22:10:36.745Z [INFO]: A user connected
2025-01-15T22:10:36.973Z [INFO]: A user disconnected
2025-01-15T22:10:36.977Z [INFO]: A user connected
2025-01-15T22:10:36.979Z [INFO]: A user connected
2025-01-15T22:10:37.222Z [INFO]: A user disconnected
2025-01-15T22:10:37.246Z [INFO]: A user connected
2025-01-15T22:10:37.248Z [INFO]: A user connected
2025-01-15T22:10:37.372Z [INFO]: A user disconnected
2025-01-15T22:10:37.395Z [INFO]: A user connected
2025-01-15T22:10:37.396Z [INFO]: A user connected
2025-01-15T22:10:37.522Z [INFO]: A user disconnected
2025-01-15T22:10:37.546Z [INFO]: A user connected
2025-01-15T22:10:37.547Z [INFO]: A user connected
2025-01-15T22:10:37.671Z [INFO]: A user disconnected
2025-01-15T22:10:37.696Z [INFO]: A user connected
2025-01-15T22:10:37.697Z [INFO]: A user connected
2025-01-15T22:10:39.996Z [INFO]: Received message: "it's fine i will get you out " from user
2025-01-15T22:10:40.000Z [INFO]: A user disconnected
2025-01-15T22:10:40.004Z [INFO]: A user connected
2025-01-15T22:10:40.005Z [INFO]: A user connected
2025-01-15T22:10:42.321Z [INFO]: Response fetched successfully for message: "it's fine i will get you out "
2025-01-15T22:10:42.327Z [INFO]: A user disconnected
2025-01-15T22:10:42.330Z [INFO]: A user connected
2025-01-15T22:10:42.331Z [INFO]: A user connected
2025-01-15T22:11:41.610Z [INFO]: A user disconnected
2025-01-15T22:11:41.611Z [INFO]: A user disconnected
2025-01-15T22:11:41.612Z [INFO]: A user disconnected
2025-01-15T22:11:41.614Z [INFO]: A user disconnected
2025-01-15T22:11:41.615Z [INFO]: A user disconnected
2025-01-15T22:11:41.615Z [INFO]: A user disconnected
2025-01-15T22:11:41.615Z [INFO]: A user disconnected
2025-01-15T22:11:41.615Z [INFO]: A user disconnected
2025-01-15T22:11:41.620Z [INFO]: A user disconnected
2025-01-15T22:11:41.620Z [INFO]: A user disconnected
2025-01-15T22:11:41.620Z [INFO]: A user disconnected
2025-01-15T22:11:41.620Z [INFO]: A user disconnected
2025-01-15T22:11:41.620Z [INFO]: A user disconnected
2025-01-15T22:11:41.621Z [INFO]: A user disconnected
2025-01-15T22:11:41.621Z [INFO]: A user disconnected
2025-01-15T22:11:41.621Z [INFO]: A user disconnected
2025-01-15T22:11:41.621Z [INFO]: A user disconnected
2025-01-15T22:11:41.621Z [INFO]: A user disconnected
2025-01-15T22:11:41.621Z [INFO]: A user disconnected
2025-01-15T22:11:41.622Z [INFO]: A user disconnected
2025-01-15T22:11:41.627Z [INFO]: A user disconnected
2025-01-15T22:11:41.627Z [INFO]: A user disconnected
2025-01-15T22:11:41.627Z [INFO]: A user disconnected
2025-01-15T22:11:41.627Z [INFO]: A user disconnected
2025-01-15T22:11:41.627Z [INFO]: A user disconnected
2025-01-15T22:11:41.627Z [INFO]: A user disconnected
2025-01-15T22:11:41.627Z [INFO]: A user disconnected
2025-01-15T22:11:41.627Z [INFO]: A user disconnected
2025-01-15T22:11:41.627Z [INFO]: A user disconnected
2025-01-15T22:11:41.627Z [INFO]: A user disconnected
2025-01-15T22:11:41.627Z [INFO]: A user disconnected
2025-01-15T22:11:41.628Z [INFO]: A user disconnected
2025-01-15T22:11:41.628Z [INFO]: A user disconnected
2025-01-15T22:11:41.628Z [INFO]: A user disconnected
2025-01-15T22:11:41.628Z [INFO]: A user disconnected
2025-01-15T22:11:41.628Z [INFO]: A user disconnected
2025-01-15T22:11:41.628Z [INFO]: A user disconnected
2025-01-15T22:11:41.628Z [INFO]: A user disconnected
2025-01-15T22:11:41.628Z [INFO]: A user disconnected
2025-01-15T22:11:41.628Z [INFO]: A user disconnected
2025-01-15T22:11:41.628Z [INFO]: A user disconnected
2025-01-15T22:11:41.629Z [INFO]: A user disconnected
2025-01-15T22:11:41.631Z [INFO]: A user disconnected
2025-01-15T22:11:41.631Z [INFO]: A user disconnected
2025-01-15T22:11:41.632Z [INFO]: A user disconnected
2025-01-15T22:11:41.632Z [INFO]: A user disconnected
2025-01-15T22:11:41.632Z [INFO]: A user disconnected
2025-01-15T22:11:41.632Z [INFO]: A user disconnected
2025-01-15T22:11:41.632Z [INFO]: A user disconnected
2025-01-15T22:11:41.632Z [INFO]: A user disconnected
2025-01-15T22:11:41.632Z [INFO]: A user disconnected
2025-01-15T22:11:41.632Z [INFO]: A user disconnected
2025-01-15T22:11:41.632Z [INFO]: A user disconnected
2025-01-15T22:11:41.632Z [INFO]: A user disconnected
2025-01-15T22:11:41.632Z [INFO]: A user disconnected
2025-01-15T22:11:41.632Z [INFO]: A user disconnected
2025-01-15T22:11:41.633Z [INFO]: A user disconnected
2025-01-15T22:11:41.633Z [INFO]: A user disconnected
2025-01-15T22:11:41.633Z [INFO]: A user disconnected
2025-01-15T22:11:41.633Z [INFO]: A user disconnected
2025-01-15T22:11:41.633Z [INFO]: A user disconnected
2025-01-15T22:11:41.633Z [INFO]: A user disconnected
2025-01-15T22:11:41.633Z [INFO]: A user disconnected
2025-01-15T22:11:41.634Z [INFO]: A user disconnected
2025-01-15T22:11:41.634Z [INFO]: A user disconnected
2025-01-15T22:11:41.634Z [INFO]: A user disconnected
2025-01-15T22:11:41.634Z [INFO]: A user disconnected
2025-01-15T22:11:41.634Z [INFO]: A user disconnected
2025-01-15T22:11:41.634Z [INFO]: A user disconnected
2025-01-15T22:11:41.634Z [INFO]: A user disconnected
2025-01-15T22:11:41.634Z [INFO]: A user disconnected
2025-01-15T22:11:41.634Z [INFO]: A user disconnected
2025-01-15T22:11:41.634Z [INFO]: A user disconnected
2025-01-15T22:11:41.634Z [INFO]: A user disconnected
2025-01-15T22:11:41.634Z [INFO]: A user disconnected
2025-01-15T22:11:41.634Z [INFO]: A user disconnected
2025-01-15T22:11:41.635Z [INFO]: A user disconnected
2025-01-15T22:11:41.635Z [INFO]: A user disconnected
2025-01-15T22:11:41.635Z [INFO]: A user disconnected
2025-01-15T22:11:41.635Z [INFO]: A user disconnected
2025-01-15T22:11:41.635Z [INFO]: A user disconnected
2025-01-15T22:11:41.635Z [INFO]: A user disconnected
2025-01-15T22:11:41.635Z [INFO]: A user disconnected
2025-01-15T22:11:41.635Z [INFO]: A user disconnected
2025-01-15T22:11:41.635Z [INFO]: A user disconnected
2025-01-15T22:11:41.635Z [INFO]: A user disconnected
2025-01-15T22:11:41.636Z [INFO]: A user disconnected
2025-01-15T22:11:41.636Z [INFO]: A user disconnected
2025-01-15T22:11:41.636Z [INFO]: A user disconnected
2025-01-15T22:11:41.636Z [INFO]: A user disconnected
2025-01-15T22:11:41.636Z [INFO]: A user disconnected
2025-01-15T22:11:41.636Z [INFO]: A user disconnected
2025-01-15T22:11:41.636Z [INFO]: A user disconnected
2025-01-15T22:11:41.636Z [INFO]: A user disconnected
2025-01-15T22:11:42.170Z [INFO]: A user connected
2025-01-15T22:11:42.210Z [INFO]: A user connected
2025-01-15T22:11:42.215Z [INFO]: A user disconnected
2025-01-15T22:11:56.153Z [INFO]: A user disconnected
2025-01-15T22:11:56.271Z [INFO]: A user connected
2025-01-15T22:11:56.272Z [INFO]: A user connected
2025-01-15T22:11:56.277Z [INFO]: A user disconnected
2025-01-15T22:11:59.077Z [INFO]: A user disconnected
2025-01-15T22:11:59.118Z [INFO]: A user connected
2025-01-15T22:12:03.025Z [INFO]: A user disconnected
2025-01-15T22:12:03.096Z [INFO]: A user connected
2025-01-15T22:12:19.658Z [INFO]: A user disconnected
2025-01-15T22:12:19.728Z [INFO]: A user connected
2025-01-15T22:13:25.255Z [INFO]: A user disconnected
2025-01-15T22:13:25.336Z [INFO]: A user connected
2025-01-15T22:13:28.920Z [INFO]: A user connected
2025-01-15T22:13:28.922Z [INFO]: A user connected
2025-01-15T22:13:29.298Z [INFO]: A user disconnected
2025-01-15T22:13:29.320Z [INFO]: A user connected
2025-01-15T22:13:29.321Z [INFO]: A user connected
2025-01-15T22:13:31.427Z [INFO]: Received message: "yo" from user
2025-01-15T22:13:31.432Z [INFO]: A user disconnected
2025-01-15T22:13:31.435Z [INFO]: A user connected
2025-01-15T22:13:31.436Z [INFO]: A user connected
2025-01-15T22:13:32.619Z [INFO]: Response fetched successfully for message: "yo"
2025-01-15T22:13:32.623Z [INFO]: A user disconnected
2025-01-15T22:13:32.625Z [INFO]: A user connected
2025-01-15T22:13:32.626Z [INFO]: A user connected
2025-01-15T22:13:43.117Z [INFO]: A user disconnected
2025-01-15T22:14:31.910Z [INFO]: A user disconnected
2025-01-15T22:14:31.910Z [INFO]: A user disconnected
2025-01-15T22:14:31.911Z [INFO]: A user disconnected
2025-01-15T22:14:31.911Z [INFO]: A user disconnected
2025-01-15T22:14:31.911Z [INFO]: A user disconnected
2025-01-15T22:14:32.115Z [INFO]: A user connected
2025-01-15T22:14:32.119Z [INFO]: A user connected
2025-01-15T22:14:32.158Z [INFO]: A user disconnected
2025-01-15T22:14:45.714Z [INFO]: A user disconnected
2025-01-15T22:14:45.771Z [INFO]: A user connected
2025-01-15T22:15:31.408Z [INFO]: A user disconnected
2025-01-15T22:15:31.486Z [INFO]: A user connected
2025-01-15T22:25:32.489Z [INFO]: Server is running on http://localhost:4000
2025-01-15T22:25:37.148Z [INFO]: A user connected
2025-01-15T22:25:38.796Z [INFO]: A user disconnected
2025-01-15T22:25:38.863Z [INFO]: A user connected
2025-01-15T22:25:41.640Z [INFO]: A user connected
2025-01-15T22:25:41.642Z [INFO]: A user connected
2025-01-15T22:25:41.731Z [INFO]: A user connected
2025-01-15T22:25:41.734Z [INFO]: A user connected
2025-01-15T22:25:41.756Z [INFO]: A user disconnected
2025-01-15T22:25:44.814Z [INFO]: Received message: "hi" from user
2025-01-15T22:25:44.874Z [INFO]: A user disconnected
2025-01-15T22:25:44.878Z [INFO]: A user connected
2025-01-15T22:25:44.880Z [INFO]: A user connected
2025-01-15T22:25:46.185Z [INFO]: Response fetched successfully for message: "hi"
2025-01-15T22:25:46.189Z [INFO]: A user disconnected
2025-01-15T22:25:46.191Z [INFO]: A user connected
2025-01-15T22:25:46.193Z [INFO]: A user connected
2025-01-15T22:25:49.146Z [INFO]: A user disconnected
2025-01-15T22:25:49.185Z [INFO]: A user connected
2025-01-15T22:25:49.187Z [INFO]: A user connected
2025-01-15T22:25:49.264Z [INFO]: A user connected
2025-01-15T22:25:49.267Z [INFO]: A user connected
2025-01-15T22:25:49.303Z [INFO]: A user disconnected
2025-01-15T22:25:49.349Z [INFO]: A user connected
2025-01-15T22:25:49.350Z [INFO]: A user connected
2025-01-15T22:25:49.381Z [INFO]: A user disconnected
2025-01-15T22:25:49.527Z [INFO]: A user disconnected
2025-01-15T22:25:49.548Z [INFO]: A user connected
2025-01-15T22:25:49.550Z [INFO]: A user connected
2025-01-15T22:25:49.675Z [INFO]: A user disconnected
2025-01-15T22:25:49.704Z [INFO]: A user connected
2025-01-15T22:25:49.705Z [INFO]: A user connected
2025-01-15T22:25:49.800Z [INFO]: A user connected
2025-01-15T22:25:49.801Z [INFO]: A user connected
2025-01-15T22:25:49.822Z [INFO]: A user disconnected
2025-01-15T22:25:50.066Z [INFO]: A user disconnected
2025-01-15T22:25:50.070Z [INFO]: A user connected
2025-01-15T22:25:50.071Z [INFO]: A user connected
2025-01-15T22:25:50.187Z [INFO]: A user disconnected
2025-01-15T22:25:50.188Z [INFO]: A user connected
2025-01-15T22:25:50.189Z [INFO]: A user connected
2025-01-15T22:25:50.367Z [INFO]: A user disconnected
2025-01-15T22:25:50.369Z [INFO]: A user connected
2025-01-15T22:25:50.371Z [INFO]: A user connected
2025-01-15T22:25:50.867Z [INFO]: A user disconnected
2025-01-15T22:26:51.217Z [INFO]: A user disconnected
2025-01-15T22:26:51.221Z [INFO]: A user disconnected
2025-01-15T22:26:51.221Z [INFO]: A user disconnected
2025-01-15T22:26:51.223Z [INFO]: A user disconnected
2025-01-15T22:26:51.223Z [INFO]: A user disconnected
2025-01-15T22:26:51.223Z [INFO]: A user disconnected
2025-01-15T22:26:51.224Z [INFO]: A user disconnected
2025-01-15T22:26:51.224Z [INFO]: A user disconnected
2025-01-15T22:26:51.224Z [INFO]: A user disconnected
2025-01-15T22:26:51.224Z [INFO]: A user disconnected
2025-01-15T22:26:51.225Z [INFO]: A user disconnected
2025-01-15T22:26:51.225Z [INFO]: A user disconnected
2025-01-15T22:26:51.225Z [INFO]: A user disconnected
2025-01-15T22:26:51.226Z [INFO]: A user disconnected
2025-01-15T22:26:51.298Z [INFO]: A user connected
2025-01-15T22:28:09.281Z [INFO]: Server is running on http://localhost:4000
2025-01-15T22:28:11.590Z [INFO]: A user connected
2025-01-15T22:28:13.357Z [INFO]: A user disconnected
2025-01-15T22:28:13.490Z [INFO]: A user connected
2025-01-15T22:28:13.494Z [INFO]: A user connected
2025-01-15T22:28:13.513Z [INFO]: A user disconnected
2025-01-15T22:28:16.268Z [INFO]: A user connected
2025-01-15T22:28:16.271Z [INFO]: A user connected
2025-01-15T22:28:16.406Z [INFO]: A user disconnected
2025-01-15T22:28:16.440Z [INFO]: A user connected
2025-01-15T22:28:16.442Z [INFO]: A user connected
2025-01-15T22:28:16.650Z [INFO]: A user disconnected
2025-01-15T22:28:16.674Z [INFO]: A user connected
2025-01-15T22:28:16.677Z [INFO]: A user connected
2025-01-15T22:28:16.859Z [INFO]: A user disconnected
2025-01-15T22:28:16.890Z [INFO]: A user connected
2025-01-15T22:28:16.892Z [INFO]: A user connected
2025-01-15T22:28:17.037Z [INFO]: A user disconnected
2025-01-15T22:28:17.040Z [INFO]: A user connected
2025-01-15T22:28:17.042Z [INFO]: A user connected
2025-01-15T22:28:19.427Z [INFO]: Received message: "hello" from user
2025-01-15T22:28:19.487Z [INFO]: A user disconnected
2025-01-15T22:28:19.491Z [INFO]: A user connected
2025-01-15T22:28:19.494Z [INFO]: A user connected
2025-01-15T22:28:20.789Z [INFO]: Response fetched successfully for message: "hello"
2025-01-15T22:28:25.506Z [INFO]: A user disconnected
2025-01-15T22:28:49.464Z [INFO]: A user disconnected
2025-01-15T22:28:49.466Z [INFO]: A user disconnected
2025-01-15T22:28:49.467Z [INFO]: A user disconnected
2025-01-15T22:28:49.468Z [INFO]: A user disconnected
2025-01-15T22:28:49.468Z [INFO]: A user disconnected
2025-01-15T22:28:49.469Z [INFO]: A user disconnected
2025-01-15T22:28:49.469Z [INFO]: A user disconnected
2025-01-15T22:28:50.216Z [INFO]: A user connected
2025-01-15T22:28:50.222Z [INFO]: A user connected
2025-01-15T22:28:50.273Z [INFO]: A user disconnected
2025-01-15T22:28:53.513Z [INFO]: A user disconnected
2025-01-15T22:28:53.649Z [INFO]: A user connected
2025-01-15T22:28:56.558Z [INFO]: A user connected
2025-01-15T22:28:56.562Z [INFO]: A user connected
2025-01-15T22:28:56.657Z [INFO]: A user connected
2025-01-15T22:28:56.660Z [INFO]: A user connected
2025-01-15T22:28:56.679Z [INFO]: A user disconnected
2025-01-15T22:28:56.879Z [INFO]: A user disconnected
2025-01-15T22:28:56.892Z [INFO]: A user connected
2025-01-15T22:28:56.894Z [INFO]: A user connected
2025-01-15T22:28:57.029Z [INFO]: A user disconnected
2025-01-15T22:28:57.059Z [INFO]: A user connected
2025-01-15T22:28:57.061Z [INFO]: A user connected
2025-01-15T22:28:57.211Z [INFO]: A user disconnected
2025-01-15T22:28:57.242Z [INFO]: A user connected
2025-01-15T22:28:57.244Z [INFO]: A user connected
2025-01-15T22:29:00.165Z [INFO]: Received message: "Hello" from user
2025-01-15T22:29:00.169Z [INFO]: A user disconnected
2025-01-15T22:29:00.173Z [INFO]: A user connected
2025-01-15T22:29:00.175Z [INFO]: A user connected
2025-01-15T22:29:01.130Z [INFO]: Response fetched successfully for message: "Hello"
2025-01-15T22:29:41.331Z [INFO]: Server is running on http://localhost:4000
2025-01-15T22:29:41.477Z [INFO]: A user connected
2025-01-15T22:29:41.485Z [INFO]: A user connected
2025-01-15T22:29:42.508Z [INFO]: A user connected
2025-01-15T22:29:43.157Z [INFO]: A user connected
2025-01-15T22:29:43.430Z [INFO]: A user connected
2025-01-15T22:29:43.831Z [INFO]: A user connected
2025-01-15T22:29:43.975Z [INFO]: A user connected
2025-01-15T22:29:44.194Z [INFO]: A user connected
2025-01-15T22:29:45.551Z [INFO]: A user disconnected
2025-01-15T22:29:45.553Z [INFO]: A user disconnected
2025-01-15T22:29:45.553Z [INFO]: A user disconnected
2025-01-15T22:29:45.554Z [INFO]: A user disconnected
2025-01-15T22:29:45.555Z [INFO]: A user disconnected
2025-01-15T22:29:45.555Z [INFO]: A user disconnected
2025-01-15T22:29:45.556Z [INFO]: A user disconnected
2025-01-15T22:29:45.556Z [INFO]: A user disconnected
2025-01-15T22:29:45.664Z [INFO]: A user connected
2025-01-15T22:29:45.668Z [INFO]: A user connected
2025-01-15T22:29:45.677Z [INFO]: A user disconnected
2025-01-15T22:29:47.589Z [INFO]: A user connected
2025-01-15T22:29:47.592Z [INFO]: A user connected
2025-01-15T22:29:47.794Z [INFO]: A user disconnected
2025-01-15T22:29:47.798Z [INFO]: A user connected
2025-01-15T22:29:47.801Z [INFO]: A user connected
2025-01-15T22:29:48.031Z [INFO]: A user disconnected
2025-01-15T22:29:48.045Z [INFO]: A user connected
2025-01-15T22:29:48.047Z [INFO]: A user connected
2025-01-15T22:29:48.213Z [INFO]: A user disconnected
2025-01-15T22:29:48.229Z [INFO]: A user connected
2025-01-15T22:29:48.231Z [INFO]: A user connected
2025-01-15T22:29:48.496Z [INFO]: Received message: "aaaa" from user
2025-01-15T22:29:48.557Z [INFO]: A user disconnected
2025-01-15T22:29:48.560Z [INFO]: A user connected
2025-01-15T22:29:48.562Z [INFO]: A user connected
2025-01-15T22:29:50.286Z [INFO]: Response fetched successfully for message: "aaaa"
2025-01-15T22:29:50.293Z [INFO]: A user disconnected
2025-01-15T22:29:50.296Z [INFO]: A user connected
2025-01-15T22:29:50.299Z [INFO]: A user connected
2025-01-15T22:50:22.149Z [INFO]: Server is running on http://localhost:4000
2025-01-15T22:50:26.242Z [INFO]: A user connected
2025-01-15T22:50:47.097Z [INFO]: A user disconnected
2025-01-15T22:50:47.204Z [INFO]: A user connected
2025-01-15T22:50:47.209Z [INFO]: A user connected
2025-01-15T22:50:47.212Z [INFO]: A user disconnected
2025-01-15T22:50:49.982Z [INFO]: A user connected
2025-01-15T22:50:49.985Z [INFO]: A user connected
2025-01-15T22:50:50.012Z [INFO]: A user disconnected
2025-01-15T22:50:50.014Z [INFO]: A user connected
2025-01-15T22:50:50.018Z [INFO]: A user connected
2025-01-15T22:50:51.718Z [INFO]: Received message: "Hi" from user
2025-01-15T22:50:51.779Z [INFO]: A user disconnected
2025-01-15T22:50:51.782Z [INFO]: A user connected
2025-01-15T22:50:51.784Z [INFO]: A user connected
2025-01-15T22:50:52.663Z [INFO]: Response fetched successfully for message: "Hi"
2025-01-15T22:50:52.667Z [INFO]: A user disconnected
2025-01-15T22:50:52.669Z [INFO]: A user connected
2025-01-15T22:50:52.670Z [INFO]: A user connected
